<?xml version="1.0" encoding="UTF-8"?>
<testsuite xmlns:xsi="http://www.w3.org/2001/XMLSchema-instance" xsi:noNamespaceSchemaLocation="https://maven.apache.org/surefire/maven-surefire-plugin/xsd/surefire-test-report-3.0.xsd" version="3.0" name="com.dts.app.controller.TaskControllerTest" time="2.35" tests="4" errors="0" skipped="0" failures="0">
  <properties>
[...]
</properties>
  <testcase name="createTask_ValidationFailDeadline" classname="com.dts.app.controller.TaskControllerTest" time="0.329">
    <system-out><![CDATA[13:34:35.778 [main] INFO org.springframework.test.context.support.AnnotationConfigContextLoaderUtils -- Could not detect default configuration classes for test class [com.dts.app.controller.TaskControllerTest]: TaskControllerTest does not declare any static, non-private, non-final, nested classes annotated with @Configuration.
13:34:35.842 [main] INFO org.springframework.boot.test.context.SpringBootTestContextBootstrapper -- Found @SpringBootConfiguration com.dts.app.Application for test class com.dts.app.controller.TaskControllerTest

  .   ____          _            __ _ _
 /\\ / ___'_ __ _ _(_)_ __  __ _ \ \ \ \
( ( )\___ | '_ | '_| | '_ \/ _` | \ \ \ \
 \\/  ___)| |_)| | | | | || (_| |  ) ) ) )
  '  |____| .__|_| |_|_| |_\__, | / / / /
 =========|_|==============|___/=/_/_/_/
 :: Spring Boot ::                (v3.2.0)

2025-11-28T13:34:36.054Z  INFO 19660 --- [           main] c.dts.app.controller.TaskControllerTest  : Starting TaskControllerTest using Java 21.0.9 with PID 19660 (started by Mae in C:\Users\Mae\Desktop\junior-dev-task-backend)
2025-11-28T13:34:36.054Z  INFO 19660 --- [           main] c.dts.app.controller.TaskControllerTest  : No active profile set, falling back to 1 default profile: "default"
2025-11-28T13:34:37.633Z  INFO 19660 --- [           main] o.s.b.t.m.w.SpringBootMockServletContext : Initializing Spring TestDispatcherServlet ''
2025-11-28T13:34:37.634Z  INFO 19660 --- [           main] o.s.t.web.servlet.TestDispatcherServlet  : Initializing Servlet ''
2025-11-28T13:34:37.637Z  INFO 19660 --- [           main] o.s.t.web.servlet.TestDispatcherServlet  : Completed initialization in 1 ms
2025-11-28T13:34:37.657Z  INFO 19660 --- [           main] c.dts.app.controller.TaskControllerTest  : Started TaskControllerTest in 1.773 seconds (process running for 2.245)
]]></system-out>
    <system-err><![CDATA[WARNING: A Java agent has been loaded dynamically (C:\Users\Mae\.m2\repository\net\bytebuddy\byte-buddy-agent\1.14.10\byte-buddy-agent-1.14.10.jar)
WARNING: If a serviceability tool is in use, please run with -XX:+EnableDynamicAgentLoading to hide this warning
WARNING: If a serviceability tool is not in use, please run with -Djdk.instrument.traceUsage for more information
WARNING: Dynamic loading of agents will be disallowed by default in a future release
]]></system-err>
  </testcase>
  <testcase name="createTask_Success" classname="com.dts.app.controller.TaskControllerTest" time="0.023"/>
  <testcase name="createTask_ValidationFailStatus" classname="com.dts.app.controller.TaskControllerTest" time="0.003"/>
  <testcase name="createTask_ValidationFail" classname="com.dts.app.controller.TaskControllerTest" time="0.007">
    <system-out><![CDATA[
MockHttpServletRequest:
      HTTP Method = POST
      Request URI = /api/tasks
       Parameters = {}
          Headers = [Content-Type:"application/json;charset=UTF-8", Content-Length:"62"]
             Body = {"title":"R","deadline":"2025-11-29T13:34","status":"PENDING"}
    Session Attrs = {}

Handler:
             Type = com.dts.app.controller.TaskController
           Method = com.dts.app.controller.TaskController#createTask(Task)

Async:
    Async started = false
     Async result = null

Resolved Exception:
             Type = org.springframework.web.bind.MethodArgumentNotValidException

ModelAndView:
        View name = null
             View = null
            Model = null

FlashMap:
       Attributes = null

MockHttpServletResponse:
           Status = 400
    Error message = null
          Headers = [Vary:"Origin", "Access-Control-Request-Method", "Access-Control-Request-Headers", Content-Type:"application/json"]
     Content type = application/json
             Body = {"title":"Title must be between 3 and 120 characters"}
    Forwarded URL = null
   Redirected URL = null
          Cookies = []
]]></system-out>
  </testcase>
</testsuite>